<?xml version="1.0" encoding="utf-8"?><testsuites name="pytest tests"><testsuite name="pytest" errors="0" failures="0" skipped="0" tests="7" time="1.536" timestamp="2026-08-30T20:49:09.461586+00:00" hostname="agent-env-2a9adc1b-d7c3-4fb7-92aa-a5e196187f08"><testcase classname="tests.test_cors_and_auth_regression" name="test_cors_preflight_login[https://autonovaia.ca]" time="0.004" /><testcase classname="tests.test_cors_and_auth_regression" name="test_cors_preflight_login[https://www.autonovaia.ca]" time="0.002" /><testcase classname="tests.test_cors_and_auth_regression" name="test_cors_actual_post_login_has_acao" time="0.228" /><testcase classname="tests.test_cors_and_auth_regression" name="test_auth_me" time="0.516" /><testcase classname="tests.test_cors_and_auth_regression" name="test_leads_authorized" time="0.120" /><testcase classname="tests.test_cors_and_auth_regression" name="test_public_prestige_auto_toronto" time="0.146" /><testcase classname="tests.test_cors_and_auth_regression" name="test_dashboard_home_with_token" time="0.177" /></testsuite></testsuites>