<?xml version="1.0" encoding="utf-8"?><testsuites name="pytest tests"><testsuite name="pytest" errors="0" failures="0" skipped="0" tests="27" time="22.757" timestamp="2026-07-17T22:06:27.465627+00:00" hostname="agent-env-ed17f565-39d9-499a-9a3c-68402ec5a6db"><testcase classname="tests.backend_test.TestAuth" name="test_login_success" time="0.661" /><testcase classname="tests.backend_test.TestLeads" name="test_dashboard_home" time="1.004" /><testcase classname="tests.backend_test.TestAuth" name="test_login_invalid_password" time="0.336" /><testcase classname="tests.backend_test.TestLeads" name="test_list_leads" time="0.360" /><testcase classname="tests.backend_test.TestAuth" name="test_me_endpoint" time="0.489" /><testcase classname="tests.backend_test.TestLeads" name="test_filter_by_score_band" time="0.124" /><testcase classname="tests.backend_test.TestAuth" name="test_me_no_token" time="0.158" /><testcase classname="tests.backend_test.TestLeads" name="test_lead_detail" time="0.281" /><testcase classname="tests.backend_test.TestPublicChat" name="test_public_dealer_info" time="0.116" /><testcase classname="tests.backend_test.TestPublicChat" name="test_start_conversation" time="0.121" /><testcase classname="tests.backend_test.TestLeads" name="test_recalculate_score_is_deterministic" time="0.606" /><testcase classname="tests.backend_test.TestPublicChat" name="test_send_seller_message_ai_replies" time="17.983" /><testcase classname="tests.backend_test.TestLeads" name="test_vehicle_correction_triggers_recalc" time="0.380" /><testcase classname="tests.backend_test.TestLeads" name="test_takeover_and_resume" time="0.745" /><testcase classname="tests.backend_test.TestLeads" name="test_run_inventory_match" time="0.252" /><testcase classname="tests.backend_test.TestRBAC" name="test_platform_orgs_admin_denied" time="0.120" /><testcase classname="tests.backend_test.TestRBAC" name="test_platform_orgs_platform_ok" time="0.426" /><testcase classname="tests.backend_test.TestRBAC" name="test_rep_cannot_create_rule" time="0.549" /><testcase classname="tests.backend_test.TestAppointments" name="test_list_appointments" time="0.102" /><testcase classname="tests.backend_test.TestAppointments" name="test_availability_and_book_then_conflict" time="0.615" /><testcase classname="tests.backend_test.TestRules" name="test_admin_can_crud_rule" time="0.470" /><testcase classname="tests.backend_test.TestAnalytics" name="test_overview" time="0.103" /><testcase classname="tests.backend_test.TestPublicChat" name="test_lead_updated_from_ai_extraction" time="1.169" /><testcase classname="tests.backend_test.TestInventory" name="test_list_inventory" time="0.107" /><testcase classname="tests.backend_test.TestInventory" name="test_template_csv" time="0.109" /><testcase classname="tests.backend_test.TestInventory" name="test_csv_import" time="0.140" /><testcase classname="tests.backend_test.TestInventory" name="test_rep_cannot_import" time="0.708" /></testsuite></testsuites>