<?xml version="1.0" encoding="utf-8"?><testsuites name="pytest tests"><testsuite name="pytest" errors="0" failures="0" skipped="0" tests="30" time="19.522" timestamp="2026-07-31T23:46:01.211780+00:00" hostname="agent-env-2a9adc1b-d7c3-4fb7-92aa-a5e196187f08"><testcase classname="tests.backend_test.TestAuth" name="test_login_success" time="0.599" /><testcase classname="tests.backend_test.TestLeads" name="test_dashboard_home" time="0.968" /><testcase classname="tests.backend_test.TestAuth" name="test_login_invalid_password" time="0.356" /><testcase classname="tests.backend_test.TestLeads" name="test_list_leads" time="0.367" /><testcase classname="tests.backend_test.TestAuth" name="test_me_endpoint" time="0.550" /><testcase classname="tests.backend_test.TestLeads" name="test_filter_by_score_band" time="0.103" /><testcase classname="tests.backend_test.TestLeads" name="test_lead_detail" time="0.261" /><testcase classname="tests.backend_test.TestAuth" name="test_me_no_token" time="0.099" /><testcase classname="tests.backend_test.TestPublicChat" name="test_public_dealer_info" time="0.153" /><testcase classname="tests.backend_test.TestLeads" name="test_recalculate_score_is_deterministic" time="0.481" /><testcase classname="tests.backend_test.TestPublicChat" name="test_start_conversation" time="0.160" /><testcase classname="tests.backend_test.TestPublicChat" name="test_send_seller_message_ai_replies" time="7.954" /><testcase classname="tests.backend_test.TestLeads" name="test_vehicle_correction_triggers_recalc" time="0.369" /><testcase classname="tests.backend_test.TestLeads" name="test_takeover_and_resume" time="0.714" /><testcase classname="tests.backend_test.TestLeads" name="test_run_inventory_match" time="0.269" /><testcase classname="tests.backend_test.TestRBAC" name="test_platform_orgs_admin_denied" time="0.099" /><testcase classname="tests.backend_test.TestRBAC" name="test_platform_orgs_platform_ok" time="0.444" /><testcase classname="tests.backend_test.TestRBAC" name="test_rep_cannot_create_rule" time="0.432" /><testcase classname="tests.test_gemini_public_chat" name="test_dealer_slug_resolves" time="0.100" /><testcase classname="tests.test_gemini_public_chat" name="test_first_seller_message_returns_real_gemini_reply" time="5.778" /><testcase classname="tests.backend_test.TestPublicChat" name="test_lead_updated_from_ai_extraction" time="1.136" /><testcase classname="tests.test_gemini_public_chat" name="test_multiturn_followup_progresses" time="7.922" /><testcase classname="tests.backend_test.TestInventory" name="test_list_inventory" time="0.105" /><testcase classname="tests.backend_test.TestInventory" name="test_template_csv" time="0.099" /><testcase classname="tests.backend_test.TestInventory" name="test_csv_import" time="0.111" /><testcase classname="tests.backend_test.TestInventory" name="test_rep_cannot_import" time="0.422" /><testcase classname="tests.backend_test.TestRules" name="test_admin_can_crud_rule" time="0.428" /><testcase classname="tests.backend_test.TestAnalytics" name="test_overview" time="0.104" /><testcase classname="tests.backend_test.TestAppointments" name="test_list_appointments" time="0.129" /><testcase classname="tests.backend_test.TestAppointments" name="test_availability_and_book_then_conflict" time="0.588" /></testsuite></testsuites>