<?xml version="1.0" encoding="utf-8"?><testsuites name="pytest tests"><testsuite name="pytest" errors="0" failures="0" skipped="0" tests="6" time="2.196" timestamp="2026-08-01T01:24:55.289286+00:00" hostname="agent-env-2a9adc1b-d7c3-4fb7-92aa-a5e196187f08"><testcase classname="tests.test_auth_google_regression" name="test_login_email_password_returns_token_and_user" time="0.390" /><testcase classname="tests.test_auth_google_regression" name="test_login_bad_password_401" time="0.391" /><testcase classname="tests.test_auth_google_regression" name="test_token_authorizes_me_and_leads" time="0.677" /><testcase classname="tests.test_auth_google_regression" name="test_google_invalid_credential_returns_401" time="0.159" /><testcase classname="tests.test_auth_google_regression" name="test_google_missing_credential_returns_422" time="0.132" /><testcase classname="tests.test_auth_google_regression" name="test_old_emergent_google_session_endpoint_is_404" time="0.100" /></testsuite></testsuites>