<?xml version="1.0" encoding="utf-8"?><testsuites name="pytest tests"><testsuite name="pytest" errors="0" failures="0" skipped="0" tests="10" time="2.985" timestamp="2026-08-01T01:39:45.880439+00:00" hostname="agent-env-2a9adc1b-d7c3-4fb7-92aa-a5e196187f08"><testcase classname="tests.test_leads_perf_fix" name="test_leads_list_basic_shape_and_speed" time="0.593" /><testcase classname="tests.test_leads_perf_fix" name="test_leads_seller_name_real_when_seller_exists" time="0.195" /><testcase classname="tests.test_leads_perf_fix" name="test_leads_pagination_no_overlap" time="0.261" /><testcase classname="tests.test_leads_perf_fix" name="test_leads_status_filter" time="0.174" /><testcase classname="tests.test_leads_perf_fix" name="test_leads_score_band_filter" time="0.115" /><testcase classname="tests.test_leads_perf_fix" name="test_leads_qualification_status_filter" time="0.151" /><testcase classname="tests.test_leads_perf_fix" name="test_leads_sort_orders" time="0.530" /><testcase classname="tests.test_leads_perf_fix" name="test_leads_search_by_seller_name" time="0.248" /><testcase classname="tests.test_leads_perf_fix" name="test_leads_search_by_vehicle_label" time="0.255" /><testcase classname="tests.test_leads_perf_fix" name="test_dashboard_home_shape" time="0.106" /></testsuite></testsuites>